<?xml version="1.0" encoding="UTF-8"?>
<!-- Generated by org.testng.reporters.JUnitReportReporter -->
<testsuite hostname="Robbo" failures="0" tests="2" name="com.tutorialsninja.testcases.Login" time="12.067" errors="0" timestamp="2024-05-24T11:29:11 IST" skipped="0">
  <testcase classname="com.tutorialsninja.testcases.Login" name="validInvalidLoginTest" time="6.503"/>
  <system-out/>
  <testcase classname="com.tutorialsninja.testcases.Login" name="validInvalidLoginTest" time="5.564"/>
  <system-out/>
</testsuite> <!-- com.tutorialsninja.testcases.Login -->
