<?xml version="1.0" encoding="UTF-8"?>
<!-- Generated by org.testng.reporters.JUnitReportReporter -->
<testsuite hostname="Robbo" failures="0" tests="2" name="com.tutorialsninja.testcases.Login" time="12.319" errors="0" timestamp="2024-05-24T15:41:21 IST" skipped="0">
  <testcase classname="com.tutorialsninja.testcases.Login" name="validInvalidLoginTest" time="5.772"/>
  <system-out/>
  <testcase classname="com.tutorialsninja.testcases.Login" name="validInvalidLoginTest" time="6.547"/>
  <system-out/>
</testsuite> <!-- com.tutorialsninja.testcases.Login -->
